/!\ FAILSAFE /!\  2016-03-24 15:31:41 -0300
  Status: 500 Internal Server Error
  cannot load such file -- sqlite3
    /home/rooter/.rvm/rubies/ruby-1.9.3-p194/lib/ruby/site_ruby/1.9.1/rubygems/custom_require.rb:36:in `require'
    /home/rooter/.rvm/rubies/ruby-1.9.3-p194/lib/ruby/site_ruby/1.9.1/rubygems/custom_require.rb:36:in `require'
    /home/rooter/.rvm/gems/ruby-1.9.3-p194@spotify/gems/activesupport-2.3.12/lib/active_support/dependencies.rb:182:in `block in require'
    /home/rooter/.rvm/gems/ruby-1.9.3-p194@spotify/gems/activesupport-2.3.12/lib/active_support/dependencies.rb:547:in `new_constants_in'
    /home/rooter/.rvm/gems/ruby-1.9.3-p194@spotify/gems/activesupport-2.3.12/lib/active_support/dependencies.rb:182:in `require'
    /home/rooter/.rvm/gems/ruby-1.9.3-p194@spotify/gems/activesupport-2.3.12/lib/active_support/core_ext/kernel/requires.rb:7:in `block in require_library_or_gem'
    /home/rooter/.rvm/gems/ruby-1.9.3-p194@spotify/gems/activesupport-2.3.12/lib/active_support/core_ext/kernel/reporting.rb:11:in `silence_warnings'
    /home/rooter/.rvm/gems/ruby-1.9.3-p194@spotify/gems/activesupport-2.3.12/lib/active_support/core_ext/kernel/requires.rb:5:in `require_library_or_gem'
    /home/rooter/.rvm/gems/ruby-1.9.3-p194@spotify/gems/activerecord-2.3.12/lib/active_record/connection_adapters/sqlite3_adapter.rb:10:in `sqlite3_connection'
    /home/rooter/.rvm/gems/ruby-1.9.3-p194@spotify/gems/activerecord-2.3.12/lib/active_record/connection_adapters/abstract/connection_pool.rb:223:in `new_connection'
    /home/rooter/.rvm/gems/ruby-1.9.3-p194@spotify/gems/activerecord-2.3.12/lib/active_record/connection_adapters/abstract/connection_pool.rb:245:in `checkout_new_connection'
    /home/rooter/.rvm/gems/ruby-1.9.3-p194@spotify/gems/activerecord-2.3.12/lib/active_record/connection_adapters/abstract/connection_pool.rb:188:in `block (2 levels) in checkout'
    /home/rooter/.rvm/gems/ruby-1.9.3-p194@spotify/gems/activerecord-2.3.12/lib/active_record/connection_adapters/abstract/connection_pool.rb:184:in `loop'
    /home/rooter/.rvm/gems/ruby-1.9.3-p194@spotify/gems/activerecord-2.3.12/lib/active_record/connection_adapters/abstract/connection_pool.rb:184:in `block in checkout'
    /home/rooter/.rvm/rubies/ruby-1.9.3-p194/lib/ruby/1.9.1/monitor.rb:211:in `mon_synchronize'
    /home/rooter/.rvm/gems/ruby-1.9.3-p194@spotify/gems/activerecord-2.3.12/lib/active_record/connection_adapters/abstract/connection_pool.rb:183:in `checkout'
    /home/rooter/.rvm/gems/ruby-1.9.3-p194@spotify/gems/activerecord-2.3.12/lib/active_record/connection_adapters/abstract/connection_pool.rb:98:in `connection'
    /home/rooter/.rvm/gems/ruby-1.9.3-p194@spotify/gems/activerecord-2.3.12/lib/active_record/connection_adapters/abstract/connection_pool.rb:326:in `retrieve_connection'
    /home/rooter/.rvm/gems/ruby-1.9.3-p194@spotify/gems/activerecord-2.3.12/lib/active_record/connection_adapters/abstract/connection_specification.rb:123:in `retrieve_connection'
    /home/rooter/.rvm/gems/ruby-1.9.3-p194@spotify/gems/activerecord-2.3.12/lib/active_record/connection_adapters/abstract/connection_specification.rb:115:in `connection'
    /home/rooter/.rvm/gems/ruby-1.9.3-p194@spotify/gems/activerecord-2.3.12/lib/active_record/query_cache.rb:9:in `cache'
    /home/rooter/.rvm/gems/ruby-1.9.3-p194@spotify/gems/activerecord-2.3.12/lib/active_record/query_cache.rb:28:in `call'
    /home/rooter/.rvm/gems/ruby-1.9.3-p194@spotify/gems/activerecord-2.3.12/lib/active_record/connection_adapters/abstract/connection_pool.rb:361:in `call'
    /home/rooter/.rvm/gems/ruby-1.9.3-p194@spotify/gems/actionpack-2.3.12/lib/action_controller/string_coercion.rb:25:in `call'
    /home/rooter/.rvm/gems/ruby-1.9.3-p194@spotify/gems/rack-1.1.6/lib/rack/head.rb:9:in `call'
    /home/rooter/.rvm/gems/ruby-1.9.3-p194@spotify/gems/rack-1.1.6/lib/rack/methodoverride.rb:24:in `call'
    /home/rooter/.rvm/gems/ruby-1.9.3-p194@spotify/gems/actionpack-2.3.12/lib/action_controller/params_parser.rb:15:in `call'
    /home/rooter/.rvm/gems/ruby-1.9.3-p194@spotify/gems/actionpack-2.3.12/lib/action_controller/session/cookie_store.rb:99:in `call'
    /home/rooter/.rvm/gems/ruby-1.9.3-p194@spotify/gems/actionpack-2.3.12/lib/action_controller/failsafe.rb:26:in `call'
    /home/rooter/.rvm/gems/ruby-1.9.3-p194@spotify/gems/rack-1.1.6/lib/rack/lock.rb:11:in `block in call'
    <internal:prelude>:10:in `synchronize'
    /home/rooter/.rvm/gems/ruby-1.9.3-p194@spotify/gems/rack-1.1.6/lib/rack/lock.rb:11:in `call'
    /home/rooter/.rvm/gems/ruby-1.9.3-p194@spotify/gems/actionpack-2.3.12/lib/action_controller/dispatcher.rb:114:in `block in call'
    /home/rooter/.rvm/gems/ruby-1.9.3-p194@spotify/gems/actionpack-2.3.12/lib/action_controller/reloader.rb:34:in `run'
    /home/rooter/.rvm/gems/ruby-1.9.3-p194@spotify/gems/actionpack-2.3.12/lib/action_controller/dispatcher.rb:108:in `call'
    /home/rooter/.rvm/gems/ruby-1.9.3-p194@spotify/gems/rails-2.3.12/lib/rails/rack/static.rb:31:in `call'
    /home/rooter/.rvm/gems/ruby-1.9.3-p194@spotify/gems/rack-1.1.6/lib/rack/urlmap.rb:47:in `block in call'
    /home/rooter/.rvm/gems/ruby-1.9.3-p194@spotify/gems/rack-1.1.6/lib/rack/urlmap.rb:41:in `each'
    /home/rooter/.rvm/gems/ruby-1.9.3-p194@spotify/gems/rack-1.1.6/lib/rack/urlmap.rb:41:in `call'
    /home/rooter/.rvm/gems/ruby-1.9.3-p194@spotify/gems/rails-2.3.12/lib/rails/rack/log_tailer.rb:17:in `call'
    /home/rooter/.rvm/gems/ruby-1.9.3-p194@spotify/gems/rack-1.1.6/lib/rack/content_length.rb:13:in `call'
    /home/rooter/.rvm/gems/ruby-1.9.3-p194@spotify/gems/rack-1.1.6/lib/rack/handler/webrick.rb:48:in `service'
    /home/rooter/.rvm/rubies/ruby-1.9.3-p194/lib/ruby/1.9.1/webrick/httpserver.rb:138:in `service'
    /home/rooter/.rvm/rubies/ruby-1.9.3-p194/lib/ruby/1.9.1/webrick/httpserver.rb:94:in `run'
    /home/rooter/.rvm/rubies/ruby-1.9.3-p194/lib/ruby/1.9.1/webrick/server.rb:191:in `block in start_thread'
